<?xml version="1.0" encoding="UTF-8"?>
<!-- Generated by org.testng.reporters.JUnitReportReporter -->
<testsuite skipped="0" hostname="LAPTOP-45MJ35M6" name="restapi_test.rest_api_test.RestApiTest" tests="2" failures="0" timestamp="2020-10-08T18:40:29 IST" time="2.475" errors="0">
  <testcase name="Restapitest" time="2.468" classname="restapi_test.rest_api_test.RestApiTest"/>
  <system-out/>
  <testcase name="Ass" time="0.007" classname="restapi_test.rest_api_test.RestApiTest"/>
  <system-out/>
</testsuite> <!-- restapi_test.rest_api_test.RestApiTest -->
